<?xml version="1.0" encoding="UTF-8"?>
<testsuite xmlns:xsi="http://www.w3.org/2001/XMLSchema-instance" xsi:noNamespaceSchemaLocation="https://maven.apache.org/surefire/maven-surefire-plugin/xsd/surefire-test-report.xsd" version="3.0.2" name="com.example.mbooking.MbookingApplicationTests" time="1.081" tests="1" errors="0" skipped="0" failures="0">
  <properties>
[...]
</properties>
  <testcase name="contextLoads" classname="com.example.mbooking.MbookingApplicationTests" time="0.357">
    <system-out><![CDATA[09:00:23.394 [main] INFO org.springframework.test.context.support.AnnotationConfigContextLoaderUtils -- Could not detect default configuration classes for test class [com.example.mbooking.MbookingApplicationTests]: MbookingApplicationTests does not declare any static, non-private, non-final, nested classes annotated with @Configuration.
09:00:23.441 [main] INFO org.springframework.boot.test.context.SpringBootTestContextBootstrapper -- Found @SpringBootConfiguration com.example.mbooking.MbookingApplication for test class com.example.mbooking.MbookingApplicationTests

  .   ____          _            __ _ _
 /\\ / ___'_ __ _ _(_)_ __  __ _ \ \ \ \
( ( )\___ | '_ | '_| | '_ \/ _` | \ \ \ \
 \\/  ___)| |_)| | | | | || (_| |  ) ) ) )
  '  |____| .__|_| |_|_| |_\__, | / / / /
 =========|_|==============|___/=/_/_/_/

 :: Spring Boot ::                (v3.4.9)

2025-09-14T09:00:23.609+05:30  INFO 11107 --- [mbooking] [           main] c.e.mbooking.MbookingApplicationTests    : Starting MbookingApplicationTests using Java 22.0.2 with PID 11107 (started by satyampandey in /Users/satyampandey/Downloads/mbooking)
2025-09-14T09:00:23.610+05:30  INFO 11107 --- [mbooking] [           main] c.e.mbooking.MbookingApplicationTests    : No active profile set, falling back to 1 default profile: "default"
2025-09-14T09:00:23.983+05:30  WARN 11107 --- [mbooking] [           main] .s.s.UserDetailsServiceAutoConfiguration : 

Using generated security password: 00c16fb0-c037-4519-9c70-a75796553383

This generated password is for development use only. Your security configuration must be updated before running your application in production.

2025-09-14T09:00:23.993+05:30  INFO 11107 --- [mbooking] [           main] r$InitializeUserDetailsManagerConfigurer : Global AuthenticationManager configured with UserDetailsService bean with name inMemoryUserDetailsManager
2025-09-14T09:00:24.049+05:30  INFO 11107 --- [mbooking] [           main] c.e.mbooking.MbookingApplicationTests    : Started MbookingApplicationTests in 0.559 seconds (process running for 0.909)
]]></system-out>
    <system-err><![CDATA[Mockito is currently self-attaching to enable the inline-mock-maker. This will no longer work in future releases of the JDK. Please add Mockito as an agent to your build what is described in Mockito's documentation: https://javadoc.io/doc/org.mockito/mockito-core/latest/org/mockito/Mockito.html#0.3
WARNING: A Java agent has been loaded dynamically (/Users/satyampandey/.m2/repository/net/bytebuddy/byte-buddy-agent/1.15.11/byte-buddy-agent-1.15.11.jar)
WARNING: If a serviceability tool is in use, please run with -XX:+EnableDynamicAgentLoading to hide this warning
WARNING: If a serviceability tool is not in use, please run with -Djdk.instrument.traceUsage for more information
WARNING: Dynamic loading of agents will be disallowed by default in a future release
]]></system-err>
  </testcase>
</testsuite>